2020-01-02 08:46:33 [INFO ] [StartupInfoLogger.java]logStarting(55) : Starting SensorviewApplication on DESKTOP-1V2UL8N with PID 9104 (C:\Users\USER\Desktop\dev\sensorview\out\production\classes started by USER in C:\Users\USER\Desktop\dev\sensorview)
2020-01-02 08:46:33 [INFO ] [SpringApplication.java]logStartupProfileInfo(651) : No active profile set, falling back to default profiles: default
2020-01-02 08:46:39 [INFO ] [DirectJDKLog.java]log(173) : Starting service [Tomcat]
2020-01-02 08:46:39 [INFO ] [DirectJDKLog.java]log(173) : Starting Servlet engine: [Apache Tomcat/9.0.27]
2020-01-02 08:46:40 [INFO ] [DirectJDKLog.java]log(173) : At least one JAR was scanned for TLDs yet contained no TLDs. Enable debug logging for this logger for a complete list of JARs that were scanned but no TLDs were found in them. Skipping unneeded JARs during scanning can improve startup time and JSP compilation time.
2020-01-02 08:46:40 [INFO ] [DirectJDKLog.java]log(173) : Initializing Spring embedded WebApplicationContext
2020-01-02 08:46:42 [INFO ] [TilesAccess.java]setContainer(93) : Publishing TilesContext for context: org.springframework.web.servlet.view.tiles3.SpringWildcardServletTilesApplicationContext
2020-01-02 08:46:43 [WARN ] [FreeMarkerAutoConfiguration.java]checkTemplateLocationExists(67) : Cannot find template location(s): [classpath:/templates/] (please add some templates, check your FreeMarker configuration, or set spring.freemarker.checkTemplateLocation=false)
2020-01-02 08:46:43 [INFO ] [StartupInfoLogger.java]logStarted(61) : Started SensorviewApplication in 11.456 seconds (JVM running for 14.714)
2020-01-02 08:47:50 [INFO ] [DirectJDKLog.java]log(173) : Initializing Spring DispatcherServlet 'dispatcherServlet'
2020-01-02 08:47:50 [INFO ] [HikariDataSource.java]getConnection(110) : HikariPool-1 - Starting...
2020-01-02 08:47:52 [INFO ] [HikariDataSource.java]getConnection(123) : HikariPool-1 - Start completed.
2020-01-02 09:13:58 [INFO ] [ErrorExceptionController.java]handleError(38) : ########## ErrorExceptionController ##########
2020-01-02 09:13:58 [INFO ] [ErrorExceptionController.java]handleError(39) : 에러 구분  : 404
2020-01-02 09:13:58 [INFO ] [ErrorExceptionController.java]handleError(40) : 에러 메세지 : Not Found
2020-01-02 09:13:58 [INFO ] [ErrorExceptionController.java]handleError(41) : 발생일     : 2020년 01월 02일 09시 13분
2020-01-02 09:13:58 [INFO ] [ErrorExceptionController.java]handleError(42) : ##############################################
2020-01-02 09:25:09 [INFO ] [ErrorExceptionController.java]handleError(38) : ########## ErrorExceptionController ##########
2020-01-02 09:25:09 [INFO ] [ErrorExceptionController.java]handleError(39) : 에러 구분  : 404
2020-01-02 09:25:09 [INFO ] [ErrorExceptionController.java]handleError(40) : 에러 메세지 : Not Found
2020-01-02 09:25:09 [INFO ] [ErrorExceptionController.java]handleError(41) : 발생일     : 2020년 01월 02일 09시 25분
2020-01-02 09:25:09 [INFO ] [ErrorExceptionController.java]handleError(42) : ##############################################
2020-01-02 09:44:17 [INFO ] [ErrorExceptionController.java]handleError(38) : ########## ErrorExceptionController ##########
2020-01-02 09:44:17 [INFO ] [ErrorExceptionController.java]handleError(39) : 에러 구분  : 404
2020-01-02 09:44:17 [INFO ] [ErrorExceptionController.java]handleError(40) : 에러 메세지 : Not Found
2020-01-02 09:44:17 [INFO ] [ErrorExceptionController.java]handleError(41) : 발생일     : 2020년 01월 02일 09시 44분
2020-01-02 09:44:17 [INFO ] [ErrorExceptionController.java]handleError(42) : ##############################################
2020-01-02 09:45:52 [INFO ] [ErrorExceptionController.java]handleError(38) : ########## ErrorExceptionController ##########
2020-01-02 09:45:52 [INFO ] [ErrorExceptionController.java]handleError(39) : 에러 구분  : 404
2020-01-02 09:45:52 [INFO ] [ErrorExceptionController.java]handleError(40) : 에러 메세지 : Not Found
2020-01-02 09:45:52 [INFO ] [ErrorExceptionController.java]handleError(41) : 발생일     : 2020년 01월 02일 09시 45분
2020-01-02 09:45:52 [INFO ] [ErrorExceptionController.java]handleError(42) : ##############################################
2020-01-02 09:46:14 [INFO ] [ErrorExceptionController.java]handleError(38) : ########## ErrorExceptionController ##########
2020-01-02 09:46:14 [INFO ] [ErrorExceptionController.java]handleError(39) : 에러 구분  : 404
2020-01-02 09:46:14 [INFO ] [ErrorExceptionController.java]handleError(40) : 에러 메세지 : Not Found
2020-01-02 09:46:14 [INFO ] [ErrorExceptionController.java]handleError(41) : 발생일     : 2020년 01월 02일 09시 46분
2020-01-02 09:46:14 [INFO ] [ErrorExceptionController.java]handleError(42) : ##############################################
2020-01-02 09:47:02 [INFO ] [ErrorExceptionController.java]handleError(38) : ########## ErrorExceptionController ##########
2020-01-02 09:47:02 [INFO ] [ErrorExceptionController.java]handleError(39) : 에러 구분  : 404
2020-01-02 09:47:02 [INFO ] [ErrorExceptionController.java]handleError(40) : 에러 메세지 : Not Found
2020-01-02 09:47:02 [INFO ] [ErrorExceptionController.java]handleError(41) : 발생일     : 2020년 01월 02일 09시 47분
2020-01-02 09:47:02 [INFO ] [ErrorExceptionController.java]handleError(42) : ##############################################
2020-01-02 09:47:38 [INFO ] [ErrorExceptionController.java]handleError(38) : ########## ErrorExceptionController ##########
2020-01-02 09:47:38 [INFO ] [ErrorExceptionController.java]handleError(39) : 에러 구분  : 404
2020-01-02 09:47:38 [INFO ] [ErrorExceptionController.java]handleError(40) : 에러 메세지 : Not Found
2020-01-02 09:47:38 [INFO ] [ErrorExceptionController.java]handleError(41) : 발생일     : 2020년 01월 02일 09시 47분
2020-01-02 09:47:38 [INFO ] [ErrorExceptionController.java]handleError(42) : ##############################################
2020-01-02 09:48:13 [INFO ] [ErrorExceptionController.java]handleError(38) : ########## ErrorExceptionController ##########
2020-01-02 09:48:13 [INFO ] [ErrorExceptionController.java]handleError(39) : 에러 구분  : 404
2020-01-02 09:48:13 [INFO ] [ErrorExceptionController.java]handleError(40) : 에러 메세지 : Not Found
2020-01-02 09:48:13 [INFO ] [ErrorExceptionController.java]handleError(41) : 발생일     : 2020년 01월 02일 09시 48분
2020-01-02 09:48:13 [INFO ] [ErrorExceptionController.java]handleError(42) : ##############################################
2020-01-02 10:00:53 [INFO ] [ErrorExceptionController.java]handleError(38) : ########## ErrorExceptionController ##########
2020-01-02 10:00:53 [INFO ] [ErrorExceptionController.java]handleError(39) : 에러 구분  : 404
2020-01-02 10:00:53 [INFO ] [ErrorExceptionController.java]handleError(40) : 에러 메세지 : Not Found
2020-01-02 10:00:53 [INFO ] [ErrorExceptionController.java]handleError(41) : 발생일     : 2020년 01월 02일 10시 00분
2020-01-02 10:00:53 [INFO ] [ErrorExceptionController.java]handleError(42) : ##############################################
2020-01-02 10:01:06 [INFO ] [ErrorExceptionController.java]handleError(38) : ########## ErrorExceptionController ##########
2020-01-02 10:01:06 [INFO ] [ErrorExceptionController.java]handleError(39) : 에러 구분  : 404
2020-01-02 10:01:06 [INFO ] [ErrorExceptionController.java]handleError(40) : 에러 메세지 : Not Found
2020-01-02 10:01:06 [INFO ] [ErrorExceptionController.java]handleError(41) : 발생일     : 2020년 01월 02일 10시 01분
2020-01-02 10:01:06 [INFO ] [ErrorExceptionController.java]handleError(42) : ##############################################
2020-01-02 10:01:53 [INFO ] [ErrorExceptionController.java]handleError(38) : ########## ErrorExceptionController ##########
2020-01-02 10:01:53 [INFO ] [ErrorExceptionController.java]handleError(39) : 에러 구분  : 404
2020-01-02 10:01:53 [INFO ] [ErrorExceptionController.java]handleError(40) : 에러 메세지 : Not Found
2020-01-02 10:01:53 [INFO ] [ErrorExceptionController.java]handleError(41) : 발생일     : 2020년 01월 02일 10시 01분
2020-01-02 10:01:53 [INFO ] [ErrorExceptionController.java]handleError(42) : ##############################################
2020-01-02 10:32:51 [INFO ] [TilesAccess.java]setContainer(88) : Removing TilesContext for context: org.springframework.web.servlet.view.tiles3.SpringWildcardServletTilesApplicationContext
2020-01-02 10:32:51 [INFO ] [HikariDataSource.java]close(350) : HikariPool-1 - Shutdown initiated...
2020-01-02 10:32:51 [INFO ] [HikariDataSource.java]close(352) : HikariPool-1 - Shutdown completed.
2020-01-02 10:32:53 [INFO ] [StartupInfoLogger.java]logStarting(55) : Starting SensorviewApplication on DESKTOP-1V2UL8N with PID 9104 (C:\Users\USER\Desktop\dev\sensorview\out\production\classes started by USER in C:\Users\USER\Desktop\dev\sensorview)
2020-01-02 10:32:53 [INFO ] [SpringApplication.java]logStartupProfileInfo(651) : No active profile set, falling back to default profiles: default
2020-01-02 10:32:58 [WARN ] [DirectJDKLog.java]log(173) : The MBean registry cannot be disabled because it has already been initialised
2020-01-02 10:32:58 [INFO ] [DirectJDKLog.java]log(173) : Starting service [Tomcat]
2020-01-02 10:32:58 [INFO ] [DirectJDKLog.java]log(173) : Starting Servlet engine: [Apache Tomcat/9.0.27]
2020-01-02 10:32:59 [INFO ] [DirectJDKLog.java]log(173) : At least one JAR was scanned for TLDs yet contained no TLDs. Enable debug logging for this logger for a complete list of JARs that were scanned but no TLDs were found in them. Skipping unneeded JARs during scanning can improve startup time and JSP compilation time.
2020-01-02 10:32:59 [INFO ] [DirectJDKLog.java]log(173) : Initializing Spring embedded WebApplicationContext
2020-01-02 10:33:00 [WARN ] [AbstractApplicationContext.java]refresh(558) : Exception encountered during context initialization - cancelling refresh attempt: org.springframework.beans.factory.UnsatisfiedDependencyException: Error creating bean with name 'authService': Unsatisfied dependency expressed through field 'authMapper'; nested exception is org.springframework.beans.factory.UnsatisfiedDependencyException: Error creating bean with name 'authMapper' defined in file [C:\Users\USER\Desktop\dev\sensorview\out\production\classes\mes\sensorview\Mapper\Auth\AuthMapper.class]: Unsatisfied dependency expressed through bean property 'sqlSessionFactory'; nested exception is org.springframework.beans.factory.BeanCreationException: Error creating bean with name 'sqlSessionFactory' defined in mes.sensorview.SensorviewApplication: Bean instantiation via factory method failed; nested exception is org.springframework.beans.BeanInstantiationException: Failed to instantiate [org.apache.ibatis.session.SqlSessionFactory]: Factory method 'sqlSessionFactory' threw exception; nested exception is org.springframework.core.NestedIOException: Failed to parse mapping resource: 'file [C:\Users\USER\Desktop\dev\sensorview\out\production\resources\query\mesWms\InOut\WmsInOut_mapper.xml]'; nested exception is org.apache.ibatis.builder.BuilderException: Error parsing Mapper XML. The XML location is 'file [C:\Users\USER\Desktop\dev\sensorview\out\production\resources\query\mesWms\InOut\WmsInOut_mapper.xml]'. Cause: org.apache.ibatis.builder.BuilderException: Error resolving class. Cause: org.apache.ibatis.type.TypeException: Could not resolve type alias 'mes.sensorview.mesWms.InOut.DTO.WMS_OUT_ORD_SUB'.  Cause: java.lang.ClassNotFoundException: Cannot find class: mes.sensorview.mesWms.InOut.DTO.WMS_OUT_ORD_SUB
2020-01-02 10:33:00 [INFO ] [DirectJDKLog.java]log(173) : Stopping service [Tomcat]
2020-01-02 10:33:01 [ERROR] [SpringApplication.java]reportFailure(826) : Application run failed
org.springframework.beans.factory.UnsatisfiedDependencyException: Error creating bean with name 'authService': Unsatisfied dependency expressed through field 'authMapper'; nested exception is org.springframework.beans.factory.UnsatisfiedDependencyException: Error creating bean with name 'authMapper' defined in file [C:\Users\USER\Desktop\dev\sensorview\out\production\classes\mes\sensorview\Mapper\Auth\AuthMapper.class]: Unsatisfied dependency expressed through bean property 'sqlSessionFactory'; nested exception is org.springframework.beans.factory.BeanCreationException: Error creating bean with name 'sqlSessionFactory' defined in mes.sensorview.SensorviewApplication: Bean instantiation via factory method failed; nested exception is org.springframework.beans.BeanInstantiationException: Failed to instantiate [org.apache.ibatis.session.SqlSessionFactory]: Factory method 'sqlSessionFactory' threw exception; nested exception is org.springframework.core.NestedIOException: Failed to parse mapping resource: 'file [C:\Users\USER\Desktop\dev\sensorview\out\production\resources\query\mesWms\InOut\WmsInOut_mapper.xml]'; nested exception is org.apache.ibatis.builder.BuilderException: Error parsing Mapper XML. The XML location is 'file [C:\Users\USER\Desktop\dev\sensorview\out\production\resources\query\mesWms\InOut\WmsInOut_mapper.xml]'. Cause: org.apache.ibatis.builder.BuilderException: Error resolving class. Cause: org.apache.ibatis.type.TypeException: Could not resolve type alias 'mes.sensorview.mesWms.InOut.DTO.WMS_OUT_ORD_SUB'.  Cause: java.lang.ClassNotFoundException: Cannot find class: mes.sensorview.mesWms.InOut.DTO.WMS_OUT_ORD_SUB
	at org.springframework.beans.factory.annotation.AutowiredAnnotationBeanPostProcessor$AutowiredFieldElement.inject(AutowiredAnnotationBeanPostProcessor.java:639)
	at org.springframework.beans.factory.annotation.InjectionMetadata.inject(InjectionMetadata.java:116)
	at org.springframework.beans.factory.annotation.AutowiredAnnotationBeanPostProcessor.postProcessProperties(AutowiredAnnotationBeanPostProcessor.java:397)
	at org.springframework.beans.factory.support.AbstractAutowireCapableBeanFactory.populateBean(AbstractAutowireCapableBeanFactory.java:1429)
	at org.springframework.beans.factory.support.AbstractAutowireCapableBeanFactory.doCreateBean(AbstractAutowireCapableBeanFactory.java:594)
	at org.springframework.beans.factory.support.AbstractAutowireCapableBeanFactory.createBean(AbstractAutowireCapableBeanFactory.java:517)
	at org.springframework.beans.factory.support.AbstractBeanFactory.lambda$doGetBean$0(AbstractBeanFactory.java:323)
	at org.springframework.beans.factory.support.DefaultSingletonBeanRegistry.getSingleton(DefaultSingletonBeanRegistry.java:222)
	at org.springframework.beans.factory.support.AbstractBeanFactory.doGetBean(AbstractBeanFactory.java:321)
	at org.springframework.beans.factory.support.AbstractBeanFactory.getBean(AbstractBeanFactory.java:202)
	at org.springframework.beans.factory.support.DefaultListableBeanFactory.preInstantiateSingletons(DefaultListableBeanFactory.java:879)
	at org.springframework.context.support.AbstractApplicationContext.finishBeanFactoryInitialization(AbstractApplicationContext.java:878)
	at org.springframework.context.support.AbstractApplicationContext.refresh(AbstractApplicationContext.java:550)
	at org.springframework.boot.web.servlet.context.ServletWebServerApplicationContext.refresh(ServletWebServerApplicationContext.java:141)
	at org.springframework.boot.SpringApplication.refresh(SpringApplication.java:747)
	at org.springframework.boot.SpringApplication.refreshContext(SpringApplication.java:397)
	at org.springframework.boot.SpringApplication.run(SpringApplication.java:315)
	at org.springframework.boot.SpringApplication.run(SpringApplication.java:1226)
	at org.springframework.boot.SpringApplication.run(SpringApplication.java:1215)
	at mes.sensorview.SensorviewApplication.main(SensorviewApplication.java:25)
	at sun.reflect.NativeMethodAccessorImpl.invoke0(Native Method)
	at sun.reflect.NativeMethodAccessorImpl.invoke(NativeMethodAccessorImpl.java:62)
	at sun.reflect.DelegatingMethodAccessorImpl.invoke(DelegatingMethodAccessorImpl.java:43)
	at java.lang.reflect.Method.invoke(Method.java:498)
	at org.springframework.boot.devtools.restart.RestartLauncher.run(RestartLauncher.java:49)
Caused by: org.springframework.beans.factory.UnsatisfiedDependencyException: Error creating bean with name 'authMapper' defined in file [C:\Users\USER\Desktop\dev\sensorview\out\production\classes\mes\sensorview\Mapper\Auth\AuthMapper.class]: Unsatisfied dependency expressed through bean property 'sqlSessionFactory'; nested exception is org.springframework.beans.factory.BeanCreationException: Error creating bean with name 'sqlSessionFactory' defined in mes.sensorview.SensorviewApplication: Bean instantiation via factory method failed; nested exception is org.springframework.beans.BeanInstantiationException: Failed to instantiate [org.apache.ibatis.session.SqlSessionFactory]: Factory method 'sqlSessionFactory' threw exception; nested exception is org.springframework.core.NestedIOException: Failed to parse mapping resource: 'file [C:\Users\USER\Desktop\dev\sensorview\out\production\resources\query\mesWms\InOut\WmsInOut_mapper.xml]'; nested exception is org.apache.ibatis.builder.BuilderException: Error parsing Mapper XML. The XML location is 'file [C:\Users\USER\Desktop\dev\sensorview\out\production\resources\query\mesWms\InOut\WmsInOut_mapper.xml]'. Cause: org.apache.ibatis.builder.BuilderException: Error resolving class. Cause: org.apache.ibatis.type.TypeException: Could not resolve type alias 'mes.sensorview.mesWms.InOut.DTO.WMS_OUT_ORD_SUB'.  Cause: java.lang.ClassNotFoundException: Cannot find class: mes.sensorview.mesWms.InOut.DTO.WMS_OUT_ORD_SUB
	at org.springframework.beans.factory.support.AbstractAutowireCapableBeanFactory.autowireByType(AbstractAutowireCapableBeanFactory.java:1533)
	at org.springframework.beans.factory.support.AbstractAutowireCapableBeanFactory.populateBean(AbstractAutowireCapableBeanFactory.java:1413)
	at org.springframework.beans.factory.support.AbstractAutowireCapableBeanFactory.doCreateBean(AbstractAutowireCapableBeanFactory.java:594)
	at org.springframework.beans.factory.support.AbstractAutowireCapableBeanFactory.createBean(AbstractAutowireCapableBeanFactory.java:517)
	at org.springframework.beans.factory.support.AbstractBeanFactory.lambda$doGetBean$0(AbstractBeanFactory.java:323)
	at org.springframework.beans.factory.support.DefaultSingletonBeanRegistry.getSingleton(DefaultSingletonBeanRegistry.java:222)
	at org.springframework.beans.factory.support.AbstractBeanFactory.doGetBean(AbstractBeanFactory.java:321)
	at org.springframework.beans.factory.support.AbstractBeanFactory.getBean(AbstractBeanFactory.java:202)
	at org.springframework.beans.factory.config.DependencyDescriptor.resolveCandidate(DependencyDescriptor.java:276)
	at org.springframework.beans.factory.support.DefaultListableBeanFactory.doResolveDependency(DefaultListableBeanFactory.java:1287)
	at org.springframework.beans.factory.support.DefaultListableBeanFactory.resolveDependency(DefaultListableBeanFactory.java:1207)
	at org.springframework.beans.factory.annotation.AutowiredAnnotationBeanPostProcessor$AutowiredFieldElement.inject(AutowiredAnnotationBeanPostProcessor.java:636)
	... 24 common frames omitted
Caused by: org.springframework.beans.factory.BeanCreationException: Error creating bean with name 'sqlSessionFactory' defined in mes.sensorview.SensorviewApplication: Bean instantiation via factory method failed; nested exception is org.springframework.beans.BeanInstantiationException: Failed to instantiate [org.apache.ibatis.session.SqlSessionFactory]: Factory method 'sqlSessionFactory' threw exception; nested exception is org.springframework.core.NestedIOException: Failed to parse mapping resource: 'file [C:\Users\USER\Desktop\dev\sensorview\out\production\resources\query\mesWms\InOut\WmsInOut_mapper.xml]'; nested exception is org.apache.ibatis.builder.BuilderException: Error parsing Mapper XML. The XML location is 'file [C:\Users\USER\Desktop\dev\sensorview\out\production\resources\query\mesWms\InOut\WmsInOut_mapper.xml]'. Cause: org.apache.ibatis.builder.BuilderException: Error resolving class. Cause: org.apache.ibatis.type.TypeException: Could not resolve type alias 'mes.sensorview.mesWms.InOut.DTO.WMS_OUT_ORD_SUB'.  Cause: java.lang.ClassNotFoundException: Cannot find class: mes.sensorview.mesWms.InOut.DTO.WMS_OUT_ORD_SUB
	at org.springframework.beans.factory.support.ConstructorResolver.instantiate(ConstructorResolver.java:645)
	at org.springframework.beans.factory.support.ConstructorResolver.instantiateUsingFactoryMethod(ConstructorResolver.java:625)
	at org.springframework.beans.factory.support.AbstractAutowireCapableBeanFactory.instantiateUsingFactoryMethod(AbstractAutowireCapableBeanFactory.java:1338)
	at org.springframework.beans.factory.support.AbstractAutowireCapableBeanFactory.createBeanInstance(AbstractAutowireCapableBeanFactory.java:1177)
	at org.springframework.beans.factory.support.AbstractAutowireCapableBeanFactory.doCreateBean(AbstractAutowireCapableBeanFactory.java:557)
	at org.springframework.beans.factory.support.AbstractAutowireCapableBeanFactory.createBean(AbstractAutowireCapableBeanFactory.java:517)
	at org.springframework.beans.factory.support.AbstractBeanFactory.lambda$doGetBean$0(AbstractBeanFactory.java:323)
	at org.springframework.beans.factory.support.DefaultSingletonBeanRegistry.getSingleton(DefaultSingletonBeanRegistry.java:222)
	at org.springframework.beans.factory.support.AbstractBeanFactory.doGetBean(AbstractBeanFactory.java:321)
	at org.springframework.beans.factory.support.AbstractBeanFactory.getBean(AbstractBeanFactory.java:202)
	at org.springframework.beans.factory.config.DependencyDescriptor.resolveCandidate(DependencyDescriptor.java:276)
	at org.springframework.beans.factory.support.DefaultListableBeanFactory.doResolveDependency(DefaultListableBeanFactory.java:1287)
	at org.springframework.beans.factory.support.DefaultListableBeanFactory.resolveDependency(DefaultListableBeanFactory.java:1207)
	at org.springframework.beans.factory.support.AbstractAutowireCapableBeanFactory.autowireByType(AbstractAutowireCapableBeanFactory.java:1518)
	... 35 common frames omitted
Caused by: org.springframework.beans.BeanInstantiationException: Failed to instantiate [org.apache.ibatis.session.SqlSessionFactory]: Factory method 'sqlSessionFactory' threw exception; nested exception is org.springframework.core.NestedIOException: Failed to parse mapping resource: 'file [C:\Users\USER\Desktop\dev\sensorview\out\production\resources\query\mesWms\InOut\WmsInOut_mapper.xml]'; nested exception is org.apache.ibatis.builder.BuilderException: Error parsing Mapper XML. The XML location is 'file [C:\Users\USER\Desktop\dev\sensorview\out\production\resources\query\mesWms\InOut\WmsInOut_mapper.xml]'. Cause: org.apache.ibatis.builder.BuilderException: Error resolving class. Cause: org.apache.ibatis.type.TypeException: Could not resolve type alias 'mes.sensorview.mesWms.InOut.DTO.WMS_OUT_ORD_SUB'.  Cause: java.lang.ClassNotFoundException: Cannot find class: mes.sensorview.mesWms.InOut.DTO.WMS_OUT_ORD_SUB
	at org.springframework.beans.factory.support.SimpleInstantiationStrategy.instantiate(SimpleInstantiationStrategy.java:185)
	at org.springframework.beans.factory.support.ConstructorResolver.instantiate(ConstructorResolver.java:640)
	... 48 common frames omitted
Caused by: org.springframework.core.NestedIOException: Failed to parse mapping resource: 'file [C:\Users\USER\Desktop\dev\sensorview\out\production\resources\query\mesWms\InOut\WmsInOut_mapper.xml]'; nested exception is org.apache.ibatis.builder.BuilderException: Error parsing Mapper XML. The XML location is 'file [C:\Users\USER\Desktop\dev\sensorview\out\production\resources\query\mesWms\InOut\WmsInOut_mapper.xml]'. Cause: org.apache.ibatis.builder.BuilderException: Error resolving class. Cause: org.apache.ibatis.type.TypeException: Could not resolve type alias 'mes.sensorview.mesWms.InOut.DTO.WMS_OUT_ORD_SUB'.  Cause: java.lang.ClassNotFoundException: Cannot find class: mes.sensorview.mesWms.InOut.DTO.WMS_OUT_ORD_SUB
	at org.mybatis.spring.SqlSessionFactoryBean.buildSqlSessionFactory(SqlSessionFactoryBean.java:596)
	at org.mybatis.spring.SqlSessionFactoryBean.afterPropertiesSet(SqlSessionFactoryBean.java:475)
	at org.mybatis.spring.SqlSessionFactoryBean.getObject(SqlSessionFactoryBean.java:616)
	at mes.sensorview.SensorviewApplication.sqlSessionFactory(SensorviewApplication.java:34)
	at mes.sensorview.SensorviewApplication$$EnhancerBySpringCGLIB$$8aa23a6b.CGLIB$sqlSessionFactory$1(<generated>)
	at mes.sensorview.SensorviewApplication$$EnhancerBySpringCGLIB$$8aa23a6b$$FastClassBySpringCGLIB$$6a725ff8.invoke(<generated>)
	at org.springframework.cglib.proxy.MethodProxy.invokeSuper(MethodProxy.java:244)
	at org.springframework.context.annotation.ConfigurationClassEnhancer$BeanMethodInterceptor.intercept(ConfigurationClassEnhancer.java:363)
	at mes.sensorview.SensorviewApplication$$EnhancerBySpringCGLIB$$8aa23a6b.sqlSessionFactory(<generated>)
	at sun.reflect.NativeMethodAccessorImpl.invoke0(Native Method)
	at sun.reflect.NativeMethodAccessorImpl.invoke(NativeMethodAccessorImpl.java:62)
	at sun.reflect.DelegatingMethodAccessorImpl.invoke(DelegatingMethodAccessorImpl.java:43)
	at java.lang.reflect.Method.invoke(Method.java:498)
	at org.springframework.beans.factory.support.SimpleInstantiationStrategy.instantiate(SimpleInstantiationStrategy.java:154)
	... 49 common frames omitted
Caused by: org.apache.ibatis.builder.BuilderException: Error parsing Mapper XML. The XML location is 'file [C:\Users\USER\Desktop\dev\sensorview\out\production\resources\query\mesWms\InOut\WmsInOut_mapper.xml]'. Cause: org.apache.ibatis.builder.BuilderException: Error resolving class. Cause: org.apache.ibatis.type.TypeException: Could not resolve type alias 'mes.sensorview.mesWms.InOut.DTO.WMS_OUT_ORD_SUB'.  Cause: java.lang.ClassNotFoundException: Cannot find class: mes.sensorview.mesWms.InOut.DTO.WMS_OUT_ORD_SUB
	at org.apache.ibatis.builder.xml.XMLMapperBuilder.configurationElement(XMLMapperBuilder.java:122)
	at org.apache.ibatis.builder.xml.XMLMapperBuilder.parse(XMLMapperBuilder.java:94)
	at org.mybatis.spring.SqlSessionFactoryBean.buildSqlSessionFactory(SqlSessionFactoryBean.java:594)
	... 62 common frames omitted
Caused by: org.apache.ibatis.builder.BuilderException: Error resolving class. Cause: org.apache.ibatis.type.TypeException: Could not resolve type alias 'mes.sensorview.mesWms.InOut.DTO.WMS_OUT_ORD_SUB'.  Cause: java.lang.ClassNotFoundException: Cannot find class: mes.sensorview.mesWms.InOut.DTO.WMS_OUT_ORD_SUB
	at org.apache.ibatis.builder.BaseBuilder.resolveClass(BaseBuilder.java:118)
	at org.apache.ibatis.builder.xml.XMLStatementBuilder.parseStatementNode(XMLStatementBuilder.java:102)
	at org.apache.ibatis.builder.xml.XMLMapperBuilder.buildStatementFromContext(XMLMapperBuilder.java:137)
	at org.apache.ibatis.builder.xml.XMLMapperBuilder.buildStatementFromContext(XMLMapperBuilder.java:130)
	at org.apache.ibatis.builder.xml.XMLMapperBuilder.configurationElement(XMLMapperBuilder.java:120)
	... 64 common frames omitted
Caused by: org.apache.ibatis.type.TypeException: Could not resolve type alias 'mes.sensorview.mesWms.InOut.DTO.WMS_OUT_ORD_SUB'.  Cause: java.lang.ClassNotFoundException: Cannot find class: mes.sensorview.mesWms.InOut.DTO.WMS_OUT_ORD_SUB
	at org.apache.ibatis.type.TypeAliasRegistry.resolveAlias(TypeAliasRegistry.java:120)
	at org.apache.ibatis.builder.BaseBuilder.resolveAlias(BaseBuilder.java:149)
	at org.apache.ibatis.builder.BaseBuilder.resolveClass(BaseBuilder.java:116)
	... 68 common frames omitted
Caused by: java.lang.ClassNotFoundException: Cannot find class: mes.sensorview.mesWms.InOut.DTO.WMS_OUT_ORD_SUB
	at org.apache.ibatis.io.ClassLoaderWrapper.classForName(ClassLoaderWrapper.java:200)
	at org.apache.ibatis.io.ClassLoaderWrapper.classForName(ClassLoaderWrapper.java:89)
	at org.apache.ibatis.io.Resources.classForName(Resources.java:261)
	at org.apache.ibatis.type.TypeAliasRegistry.resolveAlias(TypeAliasRegistry.java:116)
	... 70 common frames omitted
2020-01-02 10:33:07 [INFO ] [StartupInfoLogger.java]logStarting(55) : Starting SensorviewApplication on DESKTOP-1V2UL8N with PID 9104 (C:\Users\USER\Desktop\dev\sensorview\out\production\classes started by USER in C:\Users\USER\Desktop\dev\sensorview)
2020-01-02 10:33:07 [INFO ] [SpringApplication.java]logStartupProfileInfo(651) : No active profile set, falling back to default profiles: default
2020-01-02 10:33:09 [WARN ] [DirectJDKLog.java]log(173) : The MBean registry cannot be disabled because it has already been initialised
2020-01-02 10:33:09 [INFO ] [DirectJDKLog.java]log(173) : Starting service [Tomcat]
2020-01-02 10:33:09 [INFO ] [DirectJDKLog.java]log(173) : Starting Servlet engine: [Apache Tomcat/9.0.27]
2020-01-02 10:33:10 [INFO ] [DirectJDKLog.java]log(173) : At least one JAR was scanned for TLDs yet contained no TLDs. Enable debug logging for this logger for a complete list of JARs that were scanned but no TLDs were found in them. Skipping unneeded JARs during scanning can improve startup time and JSP compilation time.
2020-01-02 10:33:10 [INFO ] [DirectJDKLog.java]log(173) : Initializing Spring embedded WebApplicationContext
2020-01-02 10:33:11 [INFO ] [TilesAccess.java]setContainer(93) : Publishing TilesContext for context: org.springframework.web.servlet.view.tiles3.SpringWildcardServletTilesApplicationContext
2020-01-02 10:33:11 [WARN ] [FreeMarkerAutoConfiguration.java]checkTemplateLocationExists(67) : Cannot find template location(s): [classpath:/templates/] (please add some templates, check your FreeMarker configuration, or set spring.freemarker.checkTemplateLocation=false)
2020-01-02 10:33:12 [INFO ] [StartupInfoLogger.java]logStarted(61) : Started SensorviewApplication in 5.124 seconds (JVM running for 6403.5)
2020-01-02 10:33:44 [INFO ] [TilesAccess.java]setContainer(88) : Removing TilesContext for context: org.springframework.web.servlet.view.tiles3.SpringWildcardServletTilesApplicationContext
2020-01-02 10:33:46 [INFO ] [StartupInfoLogger.java]logStarting(55) : Starting SensorviewApplication on DESKTOP-1V2UL8N with PID 9104 (C:\Users\USER\Desktop\dev\sensorview\out\production\classes started by USER in C:\Users\USER\Desktop\dev\sensorview)
2020-01-02 10:33:46 [INFO ] [SpringApplication.java]logStartupProfileInfo(651) : No active profile set, falling back to default profiles: default
2020-01-02 10:33:47 [WARN ] [DirectJDKLog.java]log(173) : The MBean registry cannot be disabled because it has already been initialised
2020-01-02 10:33:47 [INFO ] [DirectJDKLog.java]log(173) : Starting service [Tomcat]
2020-01-02 10:33:47 [INFO ] [DirectJDKLog.java]log(173) : Starting Servlet engine: [Apache Tomcat/9.0.27]
2020-01-02 10:33:48 [INFO ] [DirectJDKLog.java]log(173) : At least one JAR was scanned for TLDs yet contained no TLDs. Enable debug logging for this logger for a complete list of JARs that were scanned but no TLDs were found in them. Skipping unneeded JARs during scanning can improve startup time and JSP compilation time.
2020-01-02 10:33:48 [INFO ] [DirectJDKLog.java]log(173) : Initializing Spring embedded WebApplicationContext
2020-01-02 10:33:49 [INFO ] [TilesAccess.java]setContainer(93) : Publishing TilesContext for context: org.springframework.web.servlet.view.tiles3.SpringWildcardServletTilesApplicationContext
2020-01-02 10:33:49 [WARN ] [FreeMarkerAutoConfiguration.java]checkTemplateLocationExists(67) : Cannot find template location(s): [classpath:/templates/] (please add some templates, check your FreeMarker configuration, or set spring.freemarker.checkTemplateLocation=false)
2020-01-02 10:33:50 [INFO ] [StartupInfoLogger.java]logStarted(61) : Started SensorviewApplication in 3.96 seconds (JVM running for 6441.074)
2020-01-02 10:33:54 [INFO ] [TilesAccess.java]setContainer(88) : Removing TilesContext for context: org.springframework.web.servlet.view.tiles3.SpringWildcardServletTilesApplicationContext
2020-01-02 10:33:56 [INFO ] [StartupInfoLogger.java]logStarting(55) : Starting SensorviewApplication on DESKTOP-1V2UL8N with PID 9104 (C:\Users\USER\Desktop\dev\sensorview\out\production\classes started by USER in C:\Users\USER\Desktop\dev\sensorview)
2020-01-02 10:33:56 [INFO ] [SpringApplication.java]logStartupProfileInfo(651) : No active profile set, falling back to default profiles: default
2020-01-02 10:33:58 [WARN ] [DirectJDKLog.java]log(173) : The MBean registry cannot be disabled because it has already been initialised
2020-01-02 10:33:58 [INFO ] [DirectJDKLog.java]log(173) : Starting service [Tomcat]
2020-01-02 10:33:58 [INFO ] [DirectJDKLog.java]log(173) : Starting Servlet engine: [Apache Tomcat/9.0.27]
2020-01-02 10:33:58 [INFO ] [DirectJDKLog.java]log(173) : At least one JAR was scanned for TLDs yet contained no TLDs. Enable debug logging for this logger for a complete list of JARs that were scanned but no TLDs were found in them. Skipping unneeded JARs during scanning can improve startup time and JSP compilation time.
2020-01-02 10:33:58 [INFO ] [DirectJDKLog.java]log(173) : Initializing Spring embedded WebApplicationContext
2020-01-02 10:33:59 [INFO ] [TilesAccess.java]setContainer(93) : Publishing TilesContext for context: org.springframework.web.servlet.view.tiles3.SpringWildcardServletTilesApplicationContext
2020-01-02 10:33:59 [WARN ] [FreeMarkerAutoConfiguration.java]checkTemplateLocationExists(67) : Cannot find template location(s): [classpath:/templates/] (please add some templates, check your FreeMarker configuration, or set spring.freemarker.checkTemplateLocation=false)
2020-01-02 10:34:00 [INFO ] [StartupInfoLogger.java]logStarted(61) : Started SensorviewApplication in 3.769 seconds (JVM running for 6451.518)
2020-01-02 10:34:08 [INFO ] [TilesAccess.java]setContainer(88) : Removing TilesContext for context: org.springframework.web.servlet.view.tiles3.SpringWildcardServletTilesApplicationContext
2020-01-02 10:34:10 [INFO ] [StartupInfoLogger.java]logStarting(55) : Starting SensorviewApplication on DESKTOP-1V2UL8N with PID 9104 (C:\Users\USER\Desktop\dev\sensorview\out\production\classes started by USER in C:\Users\USER\Desktop\dev\sensorview)
2020-01-02 10:34:10 [INFO ] [SpringApplication.java]logStartupProfileInfo(651) : No active profile set, falling back to default profiles: default
2020-01-02 10:34:12 [WARN ] [DirectJDKLog.java]log(173) : The MBean registry cannot be disabled because it has already been initialised
2020-01-02 10:34:12 [INFO ] [DirectJDKLog.java]log(173) : Starting service [Tomcat]
2020-01-02 10:34:12 [INFO ] [DirectJDKLog.java]log(173) : Starting Servlet engine: [Apache Tomcat/9.0.27]
2020-01-02 10:34:13 [INFO ] [DirectJDKLog.java]log(173) : At least one JAR was scanned for TLDs yet contained no TLDs. Enable debug logging for this logger for a complete list of JARs that were scanned but no TLDs were found in them. Skipping unneeded JARs during scanning can improve startup time and JSP compilation time.
2020-01-02 10:34:13 [INFO ] [DirectJDKLog.java]log(173) : Initializing Spring embedded WebApplicationContext
2020-01-02 10:34:13 [INFO ] [TilesAccess.java]setContainer(93) : Publishing TilesContext for context: org.springframework.web.servlet.view.tiles3.SpringWildcardServletTilesApplicationContext
2020-01-02 10:34:14 [WARN ] [FreeMarkerAutoConfiguration.java]checkTemplateLocationExists(67) : Cannot find template location(s): [classpath:/templates/] (please add some templates, check your FreeMarker configuration, or set spring.freemarker.checkTemplateLocation=false)
2020-01-02 10:34:15 [INFO ] [StartupInfoLogger.java]logStarted(61) : Started SensorviewApplication in 4.867 seconds (JVM running for 6466.186)
2020-01-02 10:34:25 [INFO ] [TilesAccess.java]setContainer(88) : Removing TilesContext for context: org.springframework.web.servlet.view.tiles3.SpringWildcardServletTilesApplicationContext
2020-01-02 10:34:27 [INFO ] [StartupInfoLogger.java]logStarting(55) : Starting SensorviewApplication on DESKTOP-1V2UL8N with PID 9104 (C:\Users\USER\Desktop\dev\sensorview\out\production\classes started by USER in C:\Users\USER\Desktop\dev\sensorview)
2020-01-02 10:34:27 [INFO ] [SpringApplication.java]logStartupProfileInfo(651) : No active profile set, falling back to default profiles: default
2020-01-02 10:34:28 [WARN ] [DirectJDKLog.java]log(173) : The MBean registry cannot be disabled because it has already been initialised
2020-01-02 10:34:28 [INFO ] [DirectJDKLog.java]log(173) : Starting service [Tomcat]
2020-01-02 10:34:28 [INFO ] [DirectJDKLog.java]log(173) : Starting Servlet engine: [Apache Tomcat/9.0.27]
2020-01-02 10:34:29 [INFO ] [DirectJDKLog.java]log(173) : At least one JAR was scanned for TLDs yet contained no TLDs. Enable debug logging for this logger for a complete list of JARs that were scanned but no TLDs were found in them. Skipping unneeded JARs during scanning can improve startup time and JSP compilation time.
2020-01-02 10:34:29 [INFO ] [DirectJDKLog.java]log(173) : Initializing Spring embedded WebApplicationContext
2020-01-02 10:34:29 [INFO ] [TilesAccess.java]setContainer(93) : Publishing TilesContext for context: org.springframework.web.servlet.view.tiles3.SpringWildcardServletTilesApplicationContext
2020-01-02 10:34:30 [WARN ] [FreeMarkerAutoConfiguration.java]checkTemplateLocationExists(67) : Cannot find template location(s): [classpath:/templates/] (please add some templates, check your FreeMarker configuration, or set spring.freemarker.checkTemplateLocation=false)
2020-01-02 10:34:31 [INFO ] [StartupInfoLogger.java]logStarted(61) : Started SensorviewApplication in 4.082 seconds (JVM running for 6481.912)
2020-01-02 10:34:39 [INFO ] [TilesAccess.java]setContainer(88) : Removing TilesContext for context: org.springframework.web.servlet.view.tiles3.SpringWildcardServletTilesApplicationContext
2020-01-02 10:34:40 [INFO ] [StartupInfoLogger.java]logStarting(55) : Starting SensorviewApplication on DESKTOP-1V2UL8N with PID 9104 (C:\Users\USER\Desktop\dev\sensorview\out\production\classes started by USER in C:\Users\USER\Desktop\dev\sensorview)
2020-01-02 10:34:40 [INFO ] [SpringApplication.java]logStartupProfileInfo(651) : No active profile set, falling back to default profiles: default
2020-01-02 10:34:42 [WARN ] [DirectJDKLog.java]log(173) : The MBean registry cannot be disabled because it has already been initialised
2020-01-02 10:34:42 [INFO ] [DirectJDKLog.java]log(173) : Starting service [Tomcat]
2020-01-02 10:34:42 [INFO ] [DirectJDKLog.java]log(173) : Starting Servlet engine: [Apache Tomcat/9.0.27]
2020-01-02 10:34:43 [INFO ] [DirectJDKLog.java]log(173) : At least one JAR was scanned for TLDs yet contained no TLDs. Enable debug logging for this logger for a complete list of JARs that were scanned but no TLDs were found in them. Skipping unneeded JARs during scanning can improve startup time and JSP compilation time.
2020-01-02 10:34:43 [INFO ] [DirectJDKLog.java]log(173) : Initializing Spring embedded WebApplicationContext
2020-01-02 10:34:44 [INFO ] [TilesAccess.java]setContainer(93) : Publishing TilesContext for context: org.springframework.web.servlet.view.tiles3.SpringWildcardServletTilesApplicationContext
2020-01-02 10:34:44 [WARN ] [FreeMarkerAutoConfiguration.java]checkTemplateLocationExists(67) : Cannot find template location(s): [classpath:/templates/] (please add some templates, check your FreeMarker configuration, or set spring.freemarker.checkTemplateLocation=false)
2020-01-02 10:34:45 [INFO ] [StartupInfoLogger.java]logStarted(61) : Started SensorviewApplication in 5.091 seconds (JVM running for 6496.518)
2020-01-02 10:34:58 [INFO ] [StartupInfoLogger.java]logStarting(55) : Starting SensorviewApplication on DESKTOP-1V2UL8N with PID 19896 (C:\Users\USER\Desktop\dev\sensorview\out\production\classes started by USER in C:\Users\USER\Desktop\dev\sensorview)
2020-01-02 10:34:58 [INFO ] [SpringApplication.java]logStartupProfileInfo(651) : No active profile set, falling back to default profiles: default
2020-01-02 10:35:05 [INFO ] [DirectJDKLog.java]log(173) : Starting service [Tomcat]
2020-01-02 10:35:05 [INFO ] [DirectJDKLog.java]log(173) : Starting Servlet engine: [Apache Tomcat/9.0.27]
2020-01-02 10:35:05 [INFO ] [DirectJDKLog.java]log(173) : At least one JAR was scanned for TLDs yet contained no TLDs. Enable debug logging for this logger for a complete list of JARs that were scanned but no TLDs were found in them. Skipping unneeded JARs during scanning can improve startup time and JSP compilation time.
2020-01-02 10:35:05 [INFO ] [DirectJDKLog.java]log(173) : Initializing Spring embedded WebApplicationContext
2020-01-02 10:35:07 [INFO ] [TilesAccess.java]setContainer(93) : Publishing TilesContext for context: org.springframework.web.servlet.view.tiles3.SpringWildcardServletTilesApplicationContext
2020-01-02 10:35:08 [WARN ] [FreeMarkerAutoConfiguration.java]checkTemplateLocationExists(67) : Cannot find template location(s): [classpath:/templates/] (please add some templates, check your FreeMarker configuration, or set spring.freemarker.checkTemplateLocation=false)
2020-01-02 10:35:08 [INFO ] [StartupInfoLogger.java]logStarted(61) : Started SensorviewApplication in 11.916 seconds (JVM running for 15.361)
2020-01-02 10:35:56 [INFO ] [DirectJDKLog.java]log(173) : Initializing Spring DispatcherServlet 'dispatcherServlet'
2020-01-02 10:35:56 [INFO ] [HikariDataSource.java]getConnection(110) : HikariPool-1 - Starting...
2020-01-02 10:35:58 [INFO ] [HikariDataSource.java]getConnection(123) : HikariPool-1 - Start completed.
2020-01-02 10:36:02 [INFO ] [ErrorExceptionController.java]handleError(38) : ########## ErrorExceptionController ##########
2020-01-02 10:36:02 [INFO ] [ErrorExceptionController.java]handleError(39) : 에러 구분  : 404
2020-01-02 10:36:02 [INFO ] [ErrorExceptionController.java]handleError(40) : 에러 메세지 : Not Found
2020-01-02 10:36:02 [INFO ] [ErrorExceptionController.java]handleError(41) : 발생일     : 2020년 01월 02일 10시 36분
2020-01-02 10:36:02 [INFO ] [ErrorExceptionController.java]handleError(42) : ##############################################
2020-01-02 10:37:12 [INFO ] [ErrorExceptionController.java]handleError(38) : ########## ErrorExceptionController ##########
2020-01-02 10:37:12 [INFO ] [ErrorExceptionController.java]handleError(39) : 에러 구분  : 404
2020-01-02 10:37:12 [INFO ] [ErrorExceptionController.java]handleError(40) : 에러 메세지 : Not Found
2020-01-02 10:37:12 [INFO ] [ErrorExceptionController.java]handleError(41) : 발생일     : 2020년 01월 02일 10시 37분
2020-01-02 10:37:12 [INFO ] [ErrorExceptionController.java]handleError(42) : ##############################################
2020-01-02 10:37:20 [INFO ] [ErrorExceptionController.java]handleError(38) : ########## ErrorExceptionController ##########
2020-01-02 10:37:20 [INFO ] [ErrorExceptionController.java]handleError(39) : 에러 구분  : 404
2020-01-02 10:37:20 [INFO ] [ErrorExceptionController.java]handleError(40) : 에러 메세지 : Not Found
2020-01-02 10:37:20 [INFO ] [ErrorExceptionController.java]handleError(41) : 발생일     : 2020년 01월 02일 10시 37분
2020-01-02 10:37:20 [INFO ] [ErrorExceptionController.java]handleError(42) : ##############################################
2020-01-02 10:37:37 [INFO ] [ErrorExceptionController.java]handleError(38) : ########## ErrorExceptionController ##########
2020-01-02 10:37:37 [INFO ] [ErrorExceptionController.java]handleError(39) : 에러 구분  : 404
2020-01-02 10:37:37 [INFO ] [ErrorExceptionController.java]handleError(40) : 에러 메세지 : Not Found
2020-01-02 10:37:37 [INFO ] [ErrorExceptionController.java]handleError(41) : 발생일     : 2020년 01월 02일 10시 37분
2020-01-02 10:37:37 [INFO ] [ErrorExceptionController.java]handleError(42) : ##############################################
2020-01-02 10:38:28 [INFO ] [ErrorExceptionController.java]handleError(38) : ########## ErrorExceptionController ##########
2020-01-02 10:38:28 [INFO ] [ErrorExceptionController.java]handleError(39) : 에러 구분  : 404
2020-01-02 10:38:28 [INFO ] [ErrorExceptionController.java]handleError(40) : 에러 메세지 : Not Found
2020-01-02 10:38:28 [INFO ] [ErrorExceptionController.java]handleError(41) : 발생일     : 2020년 01월 02일 10시 38분
2020-01-02 10:38:28 [INFO ] [ErrorExceptionController.java]handleError(42) : ##############################################
2020-01-02 10:47:09 [INFO ] [ErrorExceptionController.java]handleError(38) : ########## ErrorExceptionController ##########
2020-01-02 10:47:09 [INFO ] [ErrorExceptionController.java]handleError(39) : 에러 구분  : 404
2020-01-02 10:47:09 [INFO ] [ErrorExceptionController.java]handleError(40) : 에러 메세지 : Not Found
2020-01-02 10:47:09 [INFO ] [ErrorExceptionController.java]handleError(41) : 발생일     : 2020년 01월 02일 10시 47분
2020-01-02 10:47:09 [INFO ] [ErrorExceptionController.java]handleError(42) : ##############################################
2020-01-02 10:48:23 [INFO ] [ErrorExceptionController.java]handleError(38) : ########## ErrorExceptionController ##########
2020-01-02 10:48:23 [INFO ] [ErrorExceptionController.java]handleError(39) : 에러 구분  : 404
2020-01-02 10:48:23 [INFO ] [ErrorExceptionController.java]handleError(40) : 에러 메세지 : Not Found
2020-01-02 10:48:23 [INFO ] [ErrorExceptionController.java]handleError(41) : 발생일     : 2020년 01월 02일 10시 48분
2020-01-02 10:48:23 [INFO ] [ErrorExceptionController.java]handleError(42) : ##############################################
2020-01-02 10:49:13 [INFO ] [ErrorExceptionController.java]handleError(38) : ########## ErrorExceptionController ##########
2020-01-02 10:49:13 [INFO ] [ErrorExceptionController.java]handleError(39) : 에러 구분  : 404
2020-01-02 10:49:13 [INFO ] [ErrorExceptionController.java]handleError(40) : 에러 메세지 : Not Found
2020-01-02 10:49:13 [INFO ] [ErrorExceptionController.java]handleError(41) : 발생일     : 2020년 01월 02일 10시 49분
2020-01-02 10:49:13 [INFO ] [ErrorExceptionController.java]handleError(42) : ##############################################
2020-01-02 10:49:45 [INFO ] [ErrorExceptionController.java]handleError(38) : ########## ErrorExceptionController ##########
2020-01-02 10:49:45 [INFO ] [ErrorExceptionController.java]handleError(39) : 에러 구분  : 404
2020-01-02 10:49:45 [INFO ] [ErrorExceptionController.java]handleError(40) : 에러 메세지 : Not Found
2020-01-02 10:49:45 [INFO ] [ErrorExceptionController.java]handleError(41) : 발생일     : 2020년 01월 02일 10시 49분
2020-01-02 10:49:45 [INFO ] [ErrorExceptionController.java]handleError(42) : ##############################################
2020-01-02 10:50:17 [INFO ] [ErrorExceptionController.java]handleError(38) : ########## ErrorExceptionController ##########
2020-01-02 10:50:17 [INFO ] [ErrorExceptionController.java]handleError(39) : 에러 구분  : 404
2020-01-02 10:50:17 [INFO ] [ErrorExceptionController.java]handleError(40) : 에러 메세지 : Not Found
2020-01-02 10:50:17 [INFO ] [ErrorExceptionController.java]handleError(41) : 발생일     : 2020년 01월 02일 10시 50분
2020-01-02 10:50:17 [INFO ] [ErrorExceptionController.java]handleError(42) : ##############################################
2020-01-02 10:54:09 [INFO ] [ErrorExceptionController.java]handleError(38) : ########## ErrorExceptionController ##########
2020-01-02 10:54:09 [INFO ] [ErrorExceptionController.java]handleError(39) : 에러 구분  : 404
2020-01-02 10:54:09 [INFO ] [ErrorExceptionController.java]handleError(40) : 에러 메세지 : Not Found
2020-01-02 10:54:09 [INFO ] [ErrorExceptionController.java]handleError(41) : 발생일     : 2020년 01월 02일 10시 54분
2020-01-02 10:54:09 [INFO ] [ErrorExceptionController.java]handleError(42) : ##############################################
2020-01-02 10:57:45 [INFO ] [ErrorExceptionController.java]handleError(38) : ########## ErrorExceptionController ##########
2020-01-02 10:57:45 [INFO ] [ErrorExceptionController.java]handleError(39) : 에러 구분  : 404
2020-01-02 10:57:45 [INFO ] [ErrorExceptionController.java]handleError(40) : 에러 메세지 : Not Found
2020-01-02 10:57:45 [INFO ] [ErrorExceptionController.java]handleError(41) : 발생일     : 2020년 01월 02일 10시 57분
2020-01-02 10:57:45 [INFO ] [ErrorExceptionController.java]handleError(42) : ##############################################
2020-01-02 10:59:16 [INFO ] [ErrorExceptionController.java]handleError(38) : ########## ErrorExceptionController ##########
2020-01-02 10:59:16 [INFO ] [ErrorExceptionController.java]handleError(39) : 에러 구분  : 404
2020-01-02 10:59:16 [INFO ] [ErrorExceptionController.java]handleError(40) : 에러 메세지 : Not Found
2020-01-02 10:59:16 [INFO ] [ErrorExceptionController.java]handleError(41) : 발생일     : 2020년 01월 02일 10시 59분
2020-01-02 10:59:16 [INFO ] [ErrorExceptionController.java]handleError(42) : ##############################################
2020-01-02 11:01:27 [INFO ] [ErrorExceptionController.java]handleError(38) : ########## ErrorExceptionController ##########
2020-01-02 11:01:27 [INFO ] [ErrorExceptionController.java]handleError(39) : 에러 구분  : 404
2020-01-02 11:01:27 [INFO ] [ErrorExceptionController.java]handleError(40) : 에러 메세지 : Not Found
2020-01-02 11:01:27 [INFO ] [ErrorExceptionController.java]handleError(41) : 발생일     : 2020년 01월 02일 11시 01분
2020-01-02 11:01:27 [INFO ] [ErrorExceptionController.java]handleError(42) : ##############################################
2020-01-02 11:16:18 [INFO ] [TilesAccess.java]setContainer(88) : Removing TilesContext for context: org.springframework.web.servlet.view.tiles3.SpringWildcardServletTilesApplicationContext
2020-01-02 11:16:18 [INFO ] [HikariDataSource.java]close(350) : HikariPool-1 - Shutdown initiated...
2020-01-02 11:16:18 [INFO ] [HikariDataSource.java]close(352) : HikariPool-1 - Shutdown completed.
2020-01-02 11:16:21 [INFO ] [StartupInfoLogger.java]logStarting(55) : Starting SensorviewApplication on DESKTOP-1V2UL8N with PID 19896 (C:\Users\USER\Desktop\dev\sensorview\out\production\classes started by USER in C:\Users\USER\Desktop\dev\sensorview)
2020-01-02 11:16:21 [INFO ] [SpringApplication.java]logStartupProfileInfo(651) : No active profile set, falling back to default profiles: default
2020-01-02 11:16:22 [WARN ] [DirectJDKLog.java]log(173) : The MBean registry cannot be disabled because it has already been initialised
2020-01-02 11:16:23 [INFO ] [DirectJDKLog.java]log(173) : Starting service [Tomcat]
2020-01-02 11:16:23 [INFO ] [DirectJDKLog.java]log(173) : Starting Servlet engine: [Apache Tomcat/9.0.27]
2020-01-02 11:16:24 [INFO ] [DirectJDKLog.java]log(173) : At least one JAR was scanned for TLDs yet contained no TLDs. Enable debug logging for this logger for a complete list of JARs that were scanned but no TLDs were found in them. Skipping unneeded JARs during scanning can improve startup time and JSP compilation time.
2020-01-02 11:16:24 [INFO ] [DirectJDKLog.java]log(173) : Initializing Spring embedded WebApplicationContext
2020-01-02 11:16:24 [INFO ] [TilesAccess.java]setContainer(93) : Publishing TilesContext for context: org.springframework.web.servlet.view.tiles3.SpringWildcardServletTilesApplicationContext
2020-01-02 11:16:24 [WARN ] [FreeMarkerAutoConfiguration.java]checkTemplateLocationExists(67) : Cannot find template location(s): [classpath:/templates/] (please add some templates, check your FreeMarker configuration, or set spring.freemarker.checkTemplateLocation=false)
2020-01-02 11:16:25 [INFO ] [StartupInfoLogger.java]logStarted(61) : Started SensorviewApplication in 4.025 seconds (JVM running for 2491.782)
2020-01-02 11:16:33 [INFO ] [TilesAccess.java]setContainer(88) : Removing TilesContext for context: org.springframework.web.servlet.view.tiles3.SpringWildcardServletTilesApplicationContext
2020-01-02 11:16:35 [INFO ] [StartupInfoLogger.java]logStarting(55) : Starting SensorviewApplication on DESKTOP-1V2UL8N with PID 19896 (C:\Users\USER\Desktop\dev\sensorview\out\production\classes started by USER in C:\Users\USER\Desktop\dev\sensorview)
2020-01-02 11:16:35 [INFO ] [SpringApplication.java]logStartupProfileInfo(651) : No active profile set, falling back to default profiles: default
2020-01-02 11:16:36 [WARN ] [DirectJDKLog.java]log(173) : The MBean registry cannot be disabled because it has already been initialised
2020-01-02 11:16:36 [INFO ] [DirectJDKLog.java]log(173) : Starting service [Tomcat]
2020-01-02 11:16:36 [INFO ] [DirectJDKLog.java]log(173) : Starting Servlet engine: [Apache Tomcat/9.0.27]
2020-01-02 11:16:37 [INFO ] [DirectJDKLog.java]log(173) : At least one JAR was scanned for TLDs yet contained no TLDs. Enable debug logging for this logger for a complete list of JARs that were scanned but no TLDs were found in them. Skipping unneeded JARs during scanning can improve startup time and JSP compilation time.
2020-01-02 11:16:37 [INFO ] [DirectJDKLog.java]log(173) : Initializing Spring embedded WebApplicationContext
2020-01-02 11:16:38 [INFO ] [TilesAccess.java]setContainer(93) : Publishing TilesContext for context: org.springframework.web.servlet.view.tiles3.SpringWildcardServletTilesApplicationContext
2020-01-02 11:16:38 [WARN ] [FreeMarkerAutoConfiguration.java]checkTemplateLocationExists(67) : Cannot find template location(s): [classpath:/templates/] (please add some templates, check your FreeMarker configuration, or set spring.freemarker.checkTemplateLocation=false)
2020-01-02 11:16:39 [INFO ] [StartupInfoLogger.java]logStarted(61) : Started SensorviewApplication in 4.316 seconds (JVM running for 2505.967)
2020-01-02 11:16:54 [INFO ] [StartupInfoLogger.java]logStarting(55) : Starting SensorviewApplication on DESKTOP-1V2UL8N with PID 11300 (C:\Users\USER\Desktop\dev\sensorview\out\production\classes started by USER in C:\Users\USER\Desktop\dev\sensorview)
2020-01-02 11:16:54 [INFO ] [SpringApplication.java]logStartupProfileInfo(651) : No active profile set, falling back to default profiles: default
2020-01-02 11:16:58 [INFO ] [DirectJDKLog.java]log(173) : Starting service [Tomcat]
2020-01-02 11:16:58 [INFO ] [DirectJDKLog.java]log(173) : Starting Servlet engine: [Apache Tomcat/9.0.27]
2020-01-02 11:16:58 [INFO ] [DirectJDKLog.java]log(173) : At least one JAR was scanned for TLDs yet contained no TLDs. Enable debug logging for this logger for a complete list of JARs that were scanned but no TLDs were found in them. Skipping unneeded JARs during scanning can improve startup time and JSP compilation time.
2020-01-02 11:16:58 [INFO ] [DirectJDKLog.java]log(173) : Initializing Spring embedded WebApplicationContext
2020-01-02 11:17:00 [INFO ] [TilesAccess.java]setContainer(93) : Publishing TilesContext for context: org.springframework.web.servlet.view.tiles3.SpringWildcardServletTilesApplicationContext
2020-01-02 11:17:00 [WARN ] [FreeMarkerAutoConfiguration.java]checkTemplateLocationExists(67) : Cannot find template location(s): [classpath:/templates/] (please add some templates, check your FreeMarker configuration, or set spring.freemarker.checkTemplateLocation=false)
2020-01-02 11:17:01 [INFO ] [StartupInfoLogger.java]logStarted(61) : Started SensorviewApplication in 7.42 seconds (JVM running for 9.703)
2020-01-02 11:19:08 [INFO ] [DirectJDKLog.java]log(173) : Initializing Spring DispatcherServlet 'dispatcherServlet'
2020-01-02 11:19:08 [INFO ] [HikariDataSource.java]getConnection(110) : HikariPool-1 - Starting...
2020-01-02 11:19:11 [INFO ] [HikariDataSource.java]getConnection(123) : HikariPool-1 - Start completed.
2020-01-02 11:19:14 [INFO ] [ErrorExceptionController.java]handleError(38) : ########## ErrorExceptionController ##########
2020-01-02 11:19:14 [INFO ] [ErrorExceptionController.java]handleError(39) : 에러 구분  : 404
2020-01-02 11:19:14 [INFO ] [ErrorExceptionController.java]handleError(40) : 에러 메세지 : Not Found
2020-01-02 11:19:14 [INFO ] [ErrorExceptionController.java]handleError(41) : 발생일     : 2020년 01월 02일 11시 19분
2020-01-02 11:19:14 [INFO ] [ErrorExceptionController.java]handleError(42) : ##############################################
2020-01-02 11:19:29 [INFO ] [ErrorExceptionController.java]handleError(38) : ########## ErrorExceptionController ##########
2020-01-02 11:19:29 [INFO ] [ErrorExceptionController.java]handleError(39) : 에러 구분  : 404
2020-01-02 11:19:29 [INFO ] [ErrorExceptionController.java]handleError(40) : 에러 메세지 : Not Found
2020-01-02 11:19:29 [INFO ] [ErrorExceptionController.java]handleError(41) : 발생일     : 2020년 01월 02일 11시 19분
2020-01-02 11:19:29 [INFO ] [ErrorExceptionController.java]handleError(42) : ##############################################
2020-01-02 11:19:47 [INFO ] [ErrorExceptionController.java]handleError(38) : ########## ErrorExceptionController ##########
2020-01-02 11:19:47 [INFO ] [ErrorExceptionController.java]handleError(39) : 에러 구분  : 404
2020-01-02 11:19:47 [INFO ] [ErrorExceptionController.java]handleError(40) : 에러 메세지 : Not Found
2020-01-02 11:19:47 [INFO ] [ErrorExceptionController.java]handleError(41) : 발생일     : 2020년 01월 02일 11시 19분
2020-01-02 11:19:47 [INFO ] [ErrorExceptionController.java]handleError(42) : ##############################################
2020-01-02 11:26:15 [INFO ] [ErrorExceptionController.java]handleError(38) : ########## ErrorExceptionController ##########
2020-01-02 11:26:15 [INFO ] [ErrorExceptionController.java]handleError(39) : 에러 구분  : 404
2020-01-02 11:26:15 [INFO ] [ErrorExceptionController.java]handleError(40) : 에러 메세지 : Not Found
2020-01-02 11:26:15 [INFO ] [ErrorExceptionController.java]handleError(41) : 발생일     : 2020년 01월 02일 11시 26분
2020-01-02 11:26:15 [INFO ] [ErrorExceptionController.java]handleError(42) : ##############################################
2020-01-02 11:27:27 [INFO ] [TilesAccess.java]setContainer(88) : Removing TilesContext for context: org.springframework.web.servlet.view.tiles3.SpringWildcardServletTilesApplicationContext
2020-01-02 11:27:27 [INFO ] [HikariDataSource.java]close(350) : HikariPool-1 - Shutdown initiated...
2020-01-02 11:27:27 [INFO ] [HikariDataSource.java]close(352) : HikariPool-1 - Shutdown completed.
2020-01-02 11:27:30 [INFO ] [StartupInfoLogger.java]logStarting(55) : Starting SensorviewApplication on DESKTOP-1V2UL8N with PID 11300 (C:\Users\USER\Desktop\dev\sensorview\out\production\classes started by USER in C:\Users\USER\Desktop\dev\sensorview)
2020-01-02 11:27:30 [INFO ] [SpringApplication.java]logStartupProfileInfo(651) : No active profile set, falling back to default profiles: default
2020-01-02 11:27:30 [WARN ] [AbstractApplicationContext.java]refresh(558) : Exception encountered during context initialization - cancelling refresh attempt: org.springframework.beans.factory.BeanDefinitionStoreException: Failed to parse configuration class [mes.sensorview.SensorviewApplication]; nested exception is java.io.FileNotFoundException: class path resource [mes/sensorview/Common/Function/ReturnFunction.class] cannot be opened because it does not exist
2020-01-02 11:27:30 [ERROR] [SpringApplication.java]reportFailure(826) : Application run failed
org.springframework.beans.factory.BeanDefinitionStoreException: Failed to parse configuration class [mes.sensorview.SensorviewApplication]; nested exception is java.io.FileNotFoundException: class path resource [mes/sensorview/Common/Function/ReturnFunction.class] cannot be opened because it does not exist
	at org.springframework.context.annotation.ConfigurationClassParser.parse(ConfigurationClassParser.java:184)
	at org.springframework.context.annotation.ConfigurationClassPostProcessor.processConfigBeanDefinitions(ConfigurationClassPostProcessor.java:325)
	at org.springframework.context.annotation.ConfigurationClassPostProcessor.postProcessBeanDefinitionRegistry(ConfigurationClassPostProcessor.java:242)
	at org.springframework.context.support.PostProcessorRegistrationDelegate.invokeBeanDefinitionRegistryPostProcessors(PostProcessorRegistrationDelegate.java:275)
	at org.springframework.context.support.PostProcessorRegistrationDelegate.invokeBeanFactoryPostProcessors(PostProcessorRegistrationDelegate.java:95)
	at org.springframework.context.support.AbstractApplicationContext.invokeBeanFactoryPostProcessors(AbstractApplicationContext.java:706)
	at org.springframework.context.support.AbstractApplicationContext.refresh(AbstractApplicationContext.java:532)
	at org.springframework.boot.web.servlet.context.ServletWebServerApplicationContext.refresh(ServletWebServerApplicationContext.java:141)
	at org.springframework.boot.SpringApplication.refresh(SpringApplication.java:747)
	at org.springframework.boot.SpringApplication.refreshContext(SpringApplication.java:397)
	at org.springframework.boot.SpringApplication.run(SpringApplication.java:315)
	at org.springframework.boot.SpringApplication.run(SpringApplication.java:1226)
	at org.springframework.boot.SpringApplication.run(SpringApplication.java:1215)
	at mes.sensorview.SensorviewApplication.main(SensorviewApplication.java:25)
	at sun.reflect.NativeMethodAccessorImpl.invoke0(Native Method)
	at sun.reflect.NativeMethodAccessorImpl.invoke(NativeMethodAccessorImpl.java:62)
	at sun.reflect.DelegatingMethodAccessorImpl.invoke(DelegatingMethodAccessorImpl.java:43)
	at java.lang.reflect.Method.invoke(Method.java:498)
	at org.springframework.boot.devtools.restart.RestartLauncher.run(RestartLauncher.java:49)
Caused by: java.io.FileNotFoundException: class path resource [mes/sensorview/Common/Function/ReturnFunction.class] cannot be opened because it does not exist
	at org.springframework.core.io.ClassPathResource.getInputStream(ClassPathResource.java:180)
	at org.springframework.core.type.classreading.SimpleMetadataReader.getClassReader(SimpleMetadataReader.java:56)
	at org.springframework.core.type.classreading.SimpleMetadataReader.<init>(SimpleMetadataReader.java:50)
	at org.springframework.core.type.classreading.SimpleMetadataReaderFactory.getMetadataReader(SimpleMetadataReaderFactory.java:103)
	at org.springframework.boot.type.classreading.ConcurrentReferenceCachingMetadataReaderFactory.createMetadataReader(ConcurrentReferenceCachingMetadataReaderFactory.java:86)
	at org.springframework.boot.type.classreading.ConcurrentReferenceCachingMetadataReaderFactory.getMetadataReader(ConcurrentReferenceCachingMetadataReaderFactory.java:73)
	at org.springframework.core.type.classreading.SimpleMetadataReaderFactory.getMetadataReader(SimpleMetadataReaderFactory.java:81)
	at org.springframework.context.annotation.ConfigurationClassParser.asSourceClass(ConfigurationClassParser.java:686)
	at org.springframework.context.annotation.ConfigurationClassParser$SourceClass.getSuperClass(ConfigurationClassParser.java:994)
	at org.springframework.context.annotation.ConfigurationClassParser.doProcessConfigurationClass(ConfigurationClassParser.java:335)
	at org.springframework.context.annotation.ConfigurationClassParser.processConfigurationClass(ConfigurationClassParser.java:245)
	at org.springframework.context.annotation.ConfigurationClassParser.parse(ConfigurationClassParser.java:194)
	at org.springframework.context.annotation.ConfigurationClassParser.doProcessConfigurationClass(ConfigurationClassParser.java:298)
	at org.springframework.context.annotation.ConfigurationClassParser.processConfigurationClass(ConfigurationClassParser.java:245)
	at org.springframework.context.annotation.ConfigurationClassParser.parse(ConfigurationClassParser.java:202)
	at org.springframework.context.annotation.ConfigurationClassParser.parse(ConfigurationClassParser.java:170)
	... 18 common frames omitted
2020-01-02 11:27:34 [INFO ] [StartupInfoLogger.java]logStarting(55) : Starting SensorviewApplication on DESKTOP-1V2UL8N with PID 11300 (C:\Users\USER\Desktop\dev\sensorview\out\production\classes started by USER in C:\Users\USER\Desktop\dev\sensorview)
2020-01-02 11:27:34 [INFO ] [SpringApplication.java]logStartupProfileInfo(651) : No active profile set, falling back to default profiles: default
2020-01-02 11:27:38 [INFO ] [StartupInfoLogger.java]logStarted(61) : Started SensorviewApplication in 3.956 seconds (JVM running for 647.366)
2020-01-02 11:27:51 [INFO ] [StartupInfoLogger.java]logStarting(55) : Starting SensorviewApplication on DESKTOP-1V2UL8N with PID 19820 (C:\Users\USER\Desktop\dev\sensorview\out\production\classes started by USER in C:\Users\USER\Desktop\dev\sensorview)
2020-01-02 11:27:51 [INFO ] [SpringApplication.java]logStartupProfileInfo(651) : No active profile set, falling back to default profiles: default
2020-01-02 11:27:57 [INFO ] [StartupInfoLogger.java]logStarted(61) : Started SensorviewApplication in 6.479 seconds (JVM running for 8.879)
2020-01-02 12:01:34 [WARN ] [HikariConfig.java]validateNumerics(1009) : HikariPool-1 - idleTimeout has been set but has no effect because the pool is operating as a fixed size pool.
2020-01-02 12:01:34 [INFO ] [HikariDataSource.java]getConnection(110) : HikariPool-1 - Starting...
2020-01-02 12:01:35 [INFO ] [HikariDataSource.java]getConnection(123) : HikariPool-1 - Start completed.
2020-01-02 12:03:56 [INFO ] [StartupInfoLogger.java]logStarting(55) : Starting SensorviewApplication on DESKTOP-1V2UL8N with PID 19820 (C:\Users\USER\Desktop\dev\sensorview\out\production\classes started by USER in C:\Users\USER\Desktop\dev\sensorview)
2020-01-02 12:03:56 [INFO ] [SpringApplication.java]logStartupProfileInfo(651) : No active profile set, falling back to default profiles: default
2020-01-02 12:03:59 [INFO ] [StartupInfoLogger.java]logStarted(61) : Started SensorviewApplication in 3.286 seconds (JVM running for 2171.024)
2020-01-02 12:04:34 [INFO ] [StartupInfoLogger.java]logStarting(55) : Starting SensorviewApplication on DESKTOP-1V2UL8N with PID 19820 (C:\Users\USER\Desktop\dev\sensorview\out\production\classes started by USER in C:\Users\USER\Desktop\dev\sensorview)
2020-01-02 12:04:34 [INFO ] [SpringApplication.java]logStartupProfileInfo(651) : No active profile set, falling back to default profiles: default
2020-01-02 12:04:37 [INFO ] [StartupInfoLogger.java]logStarted(61) : Started SensorviewApplication in 3.591 seconds (JVM running for 2209.691)
2020-01-02 12:04:44 [INFO ] [StartupInfoLogger.java]logStarting(55) : Starting SensorviewApplication on DESKTOP-1V2UL8N with PID 19820 (C:\Users\USER\Desktop\dev\sensorview\out\production\classes started by USER in C:\Users\USER\Desktop\dev\sensorview)
2020-01-02 12:04:44 [INFO ] [SpringApplication.java]logStartupProfileInfo(651) : No active profile set, falling back to default profiles: default
2020-01-02 12:04:47 [INFO ] [StartupInfoLogger.java]logStarted(61) : Started SensorviewApplication in 3.243 seconds (JVM running for 2219.075)
2020-01-02 12:04:59 [INFO ] [StartupInfoLogger.java]logStarting(55) : Starting SensorviewApplication on DESKTOP-1V2UL8N with PID 22432 (C:\Users\USER\Desktop\dev\sensorview\out\production\classes started by USER in C:\Users\USER\Desktop\dev\sensorview)
2020-01-02 12:04:59 [INFO ] [SpringApplication.java]logStartupProfileInfo(651) : No active profile set, falling back to default profiles: default
2020-01-02 12:05:06 [INFO ] [StartupInfoLogger.java]logStarted(61) : Started SensorviewApplication in 9.178 seconds (JVM running for 12.183)
